0 info it worked if it ends with ok
1 verbose cli [ '/usr/local/bin/node', '/usr/local/bin/npm', 'run', 'mongo' ]
2 info using npm@3.10.9
3 info using node@v7.1.0
4 verbose run-script [ 'premongo', 'mongo', 'postmongo' ]
5 info lifecycle udemy-nodejs-angular2@1.0.0~premongo: udemy-nodejs-angular2@1.0.0
6 silly lifecycle udemy-nodejs-angular2@1.0.0~premongo: no script for premongo, continuing
7 info lifecycle udemy-nodejs-angular2@1.0.0~mongo: udemy-nodejs-angular2@1.0.0
8 verbose lifecycle udemy-nodejs-angular2@1.0.0~mongo: unsafe-perm in lifecycle true
9 verbose lifecycle udemy-nodejs-angular2@1.0.0~mongo: PATH: /usr/local/lib/node_modules/npm/bin/node-gyp-bin:/Users/sfujimoto/code/JS/Angular/mean_re/node_modules/.bin:/Users/sfujimoto/anaconda/bin:/Users/sfujimoto/.rbenv/shims:/Library/Frameworks/Python.framework/Versions/2.7/bin:/Library/Frameworks/Python.framework/Versions/3.5/bin:/Library/Frameworks/Python.framework/Versions/2.7/bin:/Library/Frameworks/Python.framework/Versions/3.4/bin:/usr/local/bin:/usr/bin:/bin:/usr/sbin:/sbin
10 verbose lifecycle udemy-nodejs-angular2@1.0.0~mongo: CWD: /Users/sfujimoto/code/JS/Angular/mean_re
11 silly lifecycle udemy-nodejs-angular2@1.0.0~mongo: Args: [ '-c', '../mongodb/bin/mongod' ]
12 silly lifecycle udemy-nodejs-angular2@1.0.0~mongo: Returned: code: 48  signal: null
13 info lifecycle udemy-nodejs-angular2@1.0.0~mongo: Failed to exec mongo script
14 verbose stack Error: udemy-nodejs-angular2@1.0.0 mongo: `../mongodb/bin/mongod`
14 verbose stack Exit status 48
14 verbose stack     at EventEmitter.<anonymous> (/usr/local/lib/node_modules/npm/lib/utils/lifecycle.js:255:16)
14 verbose stack     at emitTwo (events.js:106:13)
14 verbose stack     at EventEmitter.emit (events.js:191:7)
14 verbose stack     at ChildProcess.<anonymous> (/usr/local/lib/node_modules/npm/lib/utils/spawn.js:40:14)
14 verbose stack     at emitTwo (events.js:106:13)
14 verbose stack     at ChildProcess.emit (events.js:191:7)
14 verbose stack     at maybeClose (internal/child_process.js:885:16)
14 verbose stack     at Process.ChildProcess._handle.onexit (internal/child_process.js:226:5)
15 verbose pkgid udemy-nodejs-angular2@1.0.0
16 verbose cwd /Users/sfujimoto/code/JS/Angular/mean_re
17 error Darwin 16.1.0
18 error argv "/usr/local/bin/node" "/usr/local/bin/npm" "run" "mongo"
19 error node v7.1.0
20 error npm  v3.10.9
21 error code ELIFECYCLE
22 error udemy-nodejs-angular2@1.0.0 mongo: `../mongodb/bin/mongod`
22 error Exit status 48
23 error Failed at the udemy-nodejs-angular2@1.0.0 mongo script '../mongodb/bin/mongod'.
23 error Make sure you have the latest version of node.js and npm installed.
23 error If you do, this is most likely a problem with the udemy-nodejs-angular2 package,
23 error not with npm itself.
23 error Tell the author that this fails on your system:
23 error     ../mongodb/bin/mongod
23 error You can get information on how to open an issue for this project with:
23 error     npm bugs udemy-nodejs-angular2
23 error Or if that isn't available, you can get their info via:
23 error     npm owner ls udemy-nodejs-angular2
23 error There is likely additional logging output above.
24 verbose exit [ 1, true ]
